<?xml version="1.0" encoding="UTF-8"?>
<!-- Generated by org.testng.reporters.JUnitReportReporter -->
<testsuite hostname="192.168.95.127" failures="0" tests="1" name="testCases.TC001_AccRegTest" time="16.796" errors="0" timestamp="2025-05-29T21:01:59 IST" skipped="0">
  <testcase classname="testCases.TC001_AccRegTest" name="verify_AccReg" time="16.796"/>
</testsuite> <!-- testCases.TC001_AccRegTest -->
