<?xml version="1.0" encoding="UTF-8"?>
<!-- Generated by org.testng.reporters.JUnitReportReporter -->
<testsuite hostname="192.168.95.127" failures="0" tests="1" name="testCases.TC006_EndToEndTest" time="33.454" errors="0" timestamp="2025-05-29T21:21:57 IST" skipped="0">
  <testcase classname="testCases.TC006_EndToEndTest" name="endToendTest" time="33.454"/>
</testsuite> <!-- testCases.TC006_EndToEndTest -->
