<?xml version="1.0" encoding="UTF-8"?>
<!-- Generated by org.testng.reporters.JUnitReportReporter -->
<testsuite hostname="Safikuls-MacBook-Air.local" failures="0" tests="6" name="testCases.TC003_LoginDDT" time="85.944" errors="0" timestamp="2025-03-11T19:28:08 IST" skipped="0">
  <testcase classname="testCases.TC003_LoginDDT" name="verify_LoginDDT" time="20.438"/>
  <testcase classname="testCases.TC003_LoginDDT" name="verify_LoginDDT" time="11.219"/>
  <testcase classname="testCases.TC003_LoginDDT" name="verify_LoginDDT" time="11.266"/>
  <testcase classname="testCases.TC003_LoginDDT" name="verify_LoginDDT" time="11.072"/>
  <testcase classname="testCases.TC003_LoginDDT" name="verify_LoginDDT" time="20.933"/>
  <testcase classname="testCases.TC003_LoginDDT" name="verify_LoginDDT" time="11.016"/>
</testsuite> <!-- testCases.TC003_LoginDDT -->
