<?xml version="1.0" encoding="UTF-8"?>
<!-- Generated by org.testng.reporters.JUnitReportReporter -->
<testsuite hostname="Safikuls-MacBook-Air.local" failures="0" tests="1" name="testCases.TC004_SearchProductTest" time="3.033" errors="0" timestamp="2025-05-28T17:52:50 IST" skipped="0">
  <testcase classname="testCases.TC004_SearchProductTest" name="verify_productSearch" time="3.033"/>
</testsuite> <!-- testCases.TC004_SearchProductTest -->
