<?xml version="1.0" encoding="UTF-8"?>
<!-- Generated by org.testng.reporters.JUnitReportReporter -->
<testsuite hostname="Safikuls-MacBook-Air.local" failures="0" tests="1" name="testCases.TC002_LoginTest" time="8.898" errors="0" timestamp="2025-05-26T15:35:49 IST" skipped="0">
  <testcase classname="testCases.TC002_LoginTest" name="verify_Login" time="8.898"/>
</testsuite> <!-- testCases.TC002_LoginTest -->
