<?xml version="1.0" encoding="UTF-8"?>
<!-- Generated by org.testng.reporters.JUnitReportReporter -->
<testsuite hostname="192.168.1.105" failures="0" tests="1" name="testCases.TC001_AccRegTest" time="13.303" errors="0" timestamp="2025-05-15T03:27:43 IST" skipped="0">
  <testcase classname="testCases.TC001_AccRegTest" name="verify_AccReg" time="13.303"/>
</testsuite> <!-- testCases.TC001_AccRegTest -->
