<?xml version="1.0" encoding="UTF-8"?>
<!-- Generated by org.testng.reporters.JUnitReportReporter -->
<testsuite hostname="Safikuls-MacBook-Air.local" failures="0" tests="1" name="testCases.TC005_AddToCartPageTest" time="6.494" errors="0" timestamp="2025-05-26T18:19:59 IST" skipped="0">
  <testcase classname="testCases.TC005_AddToCartPageTest" name="verify_productSearch" time="6.494"/>
</testsuite> <!-- testCases.TC005_AddToCartPageTest -->
