<?xml version="1.0" encoding="UTF-8"?>
<!-- Generated by org.testng.reporters.JUnitReportReporter -->
<testsuite hostname="192.168.95.127" failures="0" tests="1" name="testCases.TC004_SearchProductTest" time="23.900" errors="0" timestamp="2025-05-29T21:03:05 IST" skipped="0">
  <testcase classname="testCases.TC004_SearchProductTest" name="verify_productSearch" time="23.900"/>
</testsuite> <!-- testCases.TC004_SearchProductTest -->
