<?xml version="1.0" encoding="UTF-8"?>
<!-- Generated by org.testng.reporters.JUnitReportReporter -->
<testsuite hostname="192.168.95.127" failures="0" tests="1" name="testCases.TC005_AddToCartPageTest" time="7.488" errors="0" timestamp="2025-05-29T21:03:38 IST" skipped="0">
  <testcase classname="testCases.TC005_AddToCartPageTest" name="verify_productSearch" time="7.488"/>
</testsuite> <!-- testCases.TC005_AddToCartPageTest -->
