<?xml version="1.0" encoding="UTF-8"?>
<!-- Generated by org.testng.reporters.JUnitReportReporter -->
<testsuite hostname="192.168.95.127" failures="0" tests="1" name="testCases.TC002_LoginTest" time="7.753" errors="0" timestamp="2025-05-29T21:02:26 IST" skipped="0">
  <testcase classname="testCases.TC002_LoginTest" name="verify_Login" time="7.753"/>
</testsuite> <!-- testCases.TC002_LoginTest -->
