<?xml version="1.0" encoding="UTF-8"?>
<!-- Generated by org.testng.reporters.JUnitReportReporter -->
<testsuite hostname="Safikuls-MacBook-Air.local" failures="0" tests="1" name="testCases.TC001_AccRegTest" time="14.002" errors="0" timestamp="2025-05-13T19:51:00 IST" skipped="0">
  <testcase classname="testCases.TC001_AccRegTest" name="verify_AccReg" time="14.002"/>
</testsuite> <!-- testCases.TC001_AccRegTest -->
