<?xml version="1.0" encoding="UTF-8"?>
<!-- Generated by org.testng.reporters.JUnitReportReporter -->
<testsuite hostname="Safikuls-MacBook-Air.local" failures="0" tests="1" name="testCases.TC004_SearchProductTest" time="3.704" errors="0" timestamp="2025-05-26T17:51:55 IST" skipped="0">
  <testcase classname="testCases.TC004_SearchProductTest" name="verify_productSearch" time="3.704"/>
</testsuite> <!-- testCases.TC004_SearchProductTest -->
