<?xml version="1.0" encoding="UTF-8"?>
<!-- Generated by org.testng.reporters.JUnitReportReporter -->
<testsuite hostname="192.168.1.105" failures="0" tests="1" name="testCases.TC002_LoginTest" time="8.943" errors="0" timestamp="2025-05-14T23:44:51 IST" skipped="0">
  <testcase classname="testCases.TC002_LoginTest" name="verify_Login" time="8.943"/>
</testsuite> <!-- testCases.TC002_LoginTest -->
