<?xml version="1.0" encoding="UTF-8"?>
<!-- Generated by org.testng.reporters.JUnitReportReporter -->
<testsuite hostname="192.168.1.105" failures="0" tests="1" name="testCases.TC002_LoginTest" time="9.000" errors="0" timestamp="2025-05-15T02:54:56 IST" skipped="0">
  <testcase classname="testCases.TC002_LoginTest" name="verify_Login" time="9.000"/>
</testsuite> <!-- testCases.TC002_LoginTest -->
