<?xml version="1.0" encoding="UTF-8"?>
<!-- Generated by org.testng.reporters.JUnitReportReporter -->
<testsuite hostname="Safikuls-MacBook-Air.local" failures="0" tests="1" name="testCases.TC001_AccRegTest" time="14.936" errors="0" timestamp="2025-05-20T16:22:56 IST" skipped="0">
  <testcase classname="testCases.TC001_AccRegTest" name="verify_AccReg" time="14.936"/>
</testsuite> <!-- testCases.TC001_AccRegTest -->
