<?xml version="1.0" encoding="UTF-8"?>
<!-- Generated by org.testng.reporters.JUnitReportReporter -->
<testsuite hostname="Safikuls-MacBook-Air.local" failures="0" tests="1" name="testCases.TC002_LoginTest" time="7.677" errors="0" timestamp="2025-05-20T16:22:56 IST" skipped="0">
  <testcase classname="testCases.TC002_LoginTest" name="verify_Login" time="7.677"/>
</testsuite> <!-- testCases.TC002_LoginTest -->
